Fetching source index for http://rubygems.org/
Using rake (0.9.2.2) 
Using i18n (0.6.0) 
Installing multi_json (1.3.5) 
Using activesupport (3.2.1) 
Using builder (3.0.0) 
Using activemodel (3.2.1) 
Using erubis (2.7.0) 
Installing journey (1.0.3) 
Using rack (1.4.1) 
Installing rack-cache (1.2) 
Using rack-test (0.6.1) 
Using hike (1.2.1) 
Using tilt (1.3.3) 
Installing sprockets (2.1.3) 
Using actionpack (3.2.1) 
Installing mime-types (1.18) 
Using polyglot (0.3.3) 
Using treetop (1.4.10) 
Installing mail (2.4.4) 
Using actionmailer (3.2.1) 
Using arel (3.0.2) 
Installing tzinfo (0.3.33) 
Using activerecord (3.2.1) 
Using activeresource (3.2.1) 
Using bundler (1.0.22) 
Installing coffee-script-source (1.3.3) 
Installing execjs (1.4.0) 
Using coffee-script (2.2.0) 
Using rack-ssl (1.3.2) 
Installing json (1.7.3) with native extensions 
Gem::Installer::ExtensionBuildError: ERROR: Failed to build gem native extension.

        C:/WORKS/PROGRAMS/RailsInstaller/Ruby1.9.3/bin/ruby.exe extconf.rb 
creating Makefile

make
generating parser-i386-mingw32.def
compiling parser.c
make: *** [parser.o] Error 1


Gem files will remain installed in C:/WORKS/PROGRAMS/RailsInstaller/Ruby1.9.3/lib/ruby/gems/1.9.1/gems/json-1.7.3 for inspection.
Results logged to C:/WORKS/PROGRAMS/RailsInstaller/Ruby1.9.3/lib/ruby/gems/1.9.1/gems/json-1.7.3/ext/json/ext/parser/gem_make.out
An error occured while installing json (1.7.3), and Bundler cannot continue.
Make sure that `gem install json -v '1.7.3'` succeeds before bundling.
"<<Next try>>" 
Fetching source index for http://rubygems.org/
Using rake (0.9.2.2) 
Using i18n (0.6.0) 
Using multi_json (1.3.5) 
Using activesupport (3.2.1) 
Using builder (3.0.0) 
Using activemodel (3.2.1) 
Using erubis (2.7.0) 
Using journey (1.0.3) 
Using rack (1.4.1) 
Using rack-cache (1.2) 
Using rack-test (0.6.1) 
Using hike (1.2.1) 
Using tilt (1.3.3) 
Using sprockets (2.1.3) 
Using actionpack (3.2.1) 
Using mime-types (1.18) 
Using polyglot (0.3.3) 
Using treetop (1.4.10) 
Using mail (2.4.4) 
Using actionmailer (3.2.1) 
Using arel (3.0.2) 
Using tzinfo (0.3.33) 
Using activerecord (3.2.1) 
Using activeresource (3.2.1) 
Using bundler (1.0.22) 
Using coffee-script-source (1.3.3) 
Using execjs (1.4.0) 
Using coffee-script (2.2.0) 
Using rack-ssl (1.3.2) 
Installing json (1.7.3) with native extensions 
Gem::Installer::ExtensionBuildError: ERROR: Failed to build gem native extension.

        C:/WORKS/PROGRAMS/RailsInstaller/Ruby1.9.3/bin/ruby.exe extconf.rb 
creating Makefile

make
generating parser-i386-mingw32.def
compiling parser.c
make: *** [parser.o] Error 1


Gem files will remain installed in C:/WORKS/PROGRAMS/RailsInstaller/Ruby1.9.3/lib/ruby/gems/1.9.1/gems/json-1.7.3 for inspection.
Results logged to C:/WORKS/PROGRAMS/RailsInstaller/Ruby1.9.3/lib/ruby/gems/1.9.1/gems/json-1.7.3/ext/json/ext/parser/gem_make.out
An error occured while installing json (1.7.3), and Bundler cannot continue.
Make sure that `gem install json -v '1.7.3'` succeeds before bundling.
